Post Processor Report
OrCAD FILE: E:\CALYX_FEMTO_2017-06-01\FINAL\CALYX_FEMTO_2017-06-01.MAX
Sat Aug 19 14:03:26 2017

*********************************************************

Output file: E:\CALYX_FEMTO_2017-06-01\FINAL\CALYX_FEMTO_2017-06-01.TOP

Aperture totals for E:\CALYX_FEMTO_2017-06-01\FINAL\CALYX_FEMTO_2017-06-01.TOP:
---------------------------------------------------------
D10:  0.0661 x 0.0299 RECTANGLE -----      12 Flashes
D11:  0.0299 x 0.0661 RECTANGLE -----       8 Flashes
D12:  0.0500 SQUARE --       0 Draws,    1154 Flashes
D13:  0.0600 SQUARE --       0 Draws,      20 Flashes
D14:  0.0401 ROUND  --       0 Draws,      36 Flashes
D15:  0.0787 x 0.2913 RECTANGLE -----      12 Flashes
D16:  0.0500 ROUND  --       0 Draws,      10 Flashes
D17:  0.1400 x 0.0300 OBLONG    -----      10 Flashes
D18:  0.0300 x 0.1400 OBLONG    -----      40 Flashes
D19:  0.0500 x 0.2000 OBLONG    -----      26 Flashes
D20:  0.1200 ROUND  --       0 Draws,      12 Flashes
D21:  0.0200 SQUARE --       0 Draws,      12 Flashes
D22:  0.1500 x 0.1100 OBLONG    -----       4 Flashes
D23:  0.0630 ROUND  --       0 Draws,     192 Flashes
D24:  0.0630 SQUARE --       0 Draws,      33 Flashes
D25:  0.0600 ROUND  --       0 Draws,      16 Flashes
D26:  0.0315 SQUARE --       0 Draws,      12 Flashes
D27:  0.0236 x 0.0197 RECTANGLE -----      12 Flashes
D28:  0.0197 x 0.0236 RECTANGLE -----       4 Flashes
D29:  0.1000 x 0.0500 OBLONG    -----       4 Flashes
D30:  0.0236 ROUND  --       0 Draws,    1146 Flashes
D31:  0.0240 x 0.0320 RECTANGLE -----      10 Flashes
D32:  0.0320 x 0.0240 RECTANGLE -----      20 Flashes
D33:  0.0394 ROUND  --       0 Draws,      60 Flashes
D34:  0.0276 SQUARE --       0 Draws,      16 Flashes
D35:  0.1024 ROUND  --       0 Draws,       5 Flashes
D36:  0.0106 x 0.0197 RECTANGLE -----       4 Flashes
D37:  0.0551 x 0.0787 RECTANGLE -----       4 Flashes
D38:  0.0400 x 0.0500 RECTANGLE -----      21 Flashes
D39:  0.0740 x 0.0260 OBLONG    -----      83 Flashes
D40:  0.0740 x 0.0260 RECTANGLE -----       9 Flashes
D41:  0.0260 x 0.0740 OBLONG    -----      14 Flashes
D42:  0.0260 x 0.0740 RECTANGLE -----       2 Flashes
D43:  0.0472 x 0.0157 OBLONG    -----      15 Flashes
D44:  0.0472 x 0.0157 RECTANGLE -----       3 Flashes
D45:  0.0630 x 0.0551 RECTANGLE -----       1 Flashes
D46:  0.0118 x 0.0315 OBLONG    -----       7 Flashes
D47:  0.0118 x 0.0315 RECTANGLE -----       1 Flashes
D48:  0.0900 x 0.0550 RECTANGLE -----      24 Flashes
D49:  0.0550 x 0.0900 RECTANGLE -----       3 Flashes
D50:  0.0860 x 0.0250 OBLONG    -----      14 Flashes
D51:  0.0860 x 0.0250 RECTANGLE -----       2 Flashes
D52:  0.0250 x 0.0860 OBLONG    -----      14 Flashes
D53:  0.0250 x 0.0860 RECTANGLE -----       2 Flashes
D54:  0.0230 x 0.0610 OBLONG    -----      24 Flashes
D55:  0.0230 x 0.0610 RECTANGLE -----       6 Flashes
D56:  0.0315 x 0.0079 OBLONG    -----      24 Flashes
D57:  0.0079 x 0.0315 OBLONG    -----      23 Flashes
D58:  0.0079 x 0.0315 RECTANGLE -----       1 Flashes
D59:  0.0230 x 0.0512 OBLONG    -----      22 Flashes
D60:  0.0230 x 0.0512 RECTANGLE -----       5 Flashes
D61:  0.0787 x 0.0110 OBLONG    -----      80 Flashes
D62:  0.0787 x 0.0110 RECTANGLE -----       8 Flashes
D63:  0.0110 x 0.0787 OBLONG    -----      77 Flashes
D64:  0.0110 x 0.0787 RECTANGLE -----      11 Flashes
D65:  0.0181 ROUND  --       0 Draws,       5 Flashes
D66:  0.0394 x 0.0091 OBLONG    -----       9 Flashes
D67:  0.0394 x 0.0091 RECTANGLE -----       1 Flashes
D68:  0.0551 x 0.0472 RECTANGLE -----       4 Flashes
D69:  0.0472 x 0.0551 RECTANGLE -----       4 Flashes
D70:  0.0260 x 0.0866 OBLONG    -----       7 Flashes
D71:  0.0260 x 0.0866 RECTANGLE -----       1 Flashes
D72:  0.0787 ROUND  --       0 Draws,       6 Flashes
D73:  0.0945 ROUND  --       0 Draws,       6 Flashes
D74:  0.1417 ROUND  --       0 Draws,       8 Flashes
D75:  0.1300 ROUND  --       0 Draws,       2 Flashes
D76:  0.0905 x 0.0275 RECTANGLE -----      20 Flashes
D77:  0.0700 ROUND  --       0 Draws,       5 Flashes
D78:  0.0700 SQUARE --       0 Draws,       1 Flashes
D79:  0.0275 x 0.0905 RECTANGLE -----       8 Flashes
D80:  0.0394 x 0.0590 RECTANGLE -----      16 Flashes
D81:  0.1181 x 0.0394 RECTANGLE -----      48 Flashes
D82:  0.0394 x 0.1181 RECTANGLE -----       8 Flashes
D83:  0.0335 ROUND  --       0 Draws,      49 Flashes
D84:  0.0335 SQUARE --       0 Draws,       7 Flashes
D85:  0.0500 x 0.0400 RECTANGLE -----      21 Flashes
D86:  0.2200 x 0.1000 OBLONG    -----       2 Flashes
D87:  0.1279 ROUND  --       0 Draws,       5 Flashes
D88:  0.0400 ROUND  --       0 Draws,     128 Flashes
D89:  0.0590 x 0.0157 OBLONG    -----      28 Flashes
D90:  0.0590 x 0.0157 RECTANGLE -----       4 Flashes
D91:  0.0551 ROUND  --       0 Draws,       6 Flashes
D92:  0.0700 x 0.0200 OBLONG    -----      32 Flashes
D93:  0.0200 x 0.0700 OBLONG    -----      30 Flashes
D94:  0.0200 x 0.0700 RECTANGLE -----       2 Flashes
D95:  0.0236 x 0.0787 OBLONG    -----      15 Flashes
D96:  0.0236 x 0.0787 RECTANGLE -----       1 Flashes
D97:  0.0400 x 0.0120 RECTANGLE -----       5 Flashes
D98:  0.0551 x 0.0630 RECTANGLE -----      24 Flashes
D99:  0.0520 ROUND  --       0 Draws,       4 Flashes
D100: 0.0354 ROUND  --       0 Draws,     219 Flashes
D101: 0.0039 ROUND  --    4210 Draws,       0 Flashes
D102: 0.0040 ROUND  --     660 Draws,       0 Flashes
D103: 0.0100 ROUND  --    2683 Draws,       0 Flashes
D104: 0.0400 ROUND  --    1103 Draws,       0 Flashes
D105: 0.0080 ROUND  --   43753 Draws,       0 Flashes
D106: 0.0060 ROUND  --   34706 Draws,       0 Flashes
D107: 0.0059 ROUND  --     100 Draws,       0 Flashes
D108: 0.0118 ROUND  --    1542 Draws,       0 Flashes
D109: 0.0394 ROUND  --    1007 Draws,       0 Flashes
D110: 0.0590 ROUND  --     152 Draws,       0 Flashes
D111: 0.0138 ROUND  --     305 Draws,       0 Flashes
D112: 0.0197 ROUND  --    1966 Draws,       0 Flashes
D113: 0.0236 ROUND  --       0 Draws,      27 Flashes
D114: 0.0140 ROUND  --     316 Draws,       0 Flashes
D115: 0.0315 ROUND  --      22 Draws,       0 Flashes
D116: 0.1000 ROUND  --      17 Draws,       0 Flashes
D117: 0.0200 ROUND  --      29 Draws,       0 Flashes
D118: 0.0079 ROUND  --     219 Draws,       0 Flashes
D119: 0.0800 ROUND  --      14 Draws,       0 Flashes
D120: 0.0600 ROUND  --      23 Draws,       0 Flashes
D121: 0.0472 ROUND  --      18 Draws,       0 Flashes
D122: 0.0300 ROUND  --      59 Draws,       0 Flashes
D123: 0.0098 ROUND  --      34 Draws,       0 Flashes
D124: 0.0276 ROUND  --       4 Draws,       0 Flashes
D125: 0.0110 ROUND  --      97 Draws,       0 Flashes
D126: 0.1181 ROUND  --      46 Draws,       0 Flashes
D127: 0.0500 ROUND  --      26 Draws,       0 Flashes
D128: 0.0787 ROUND  --       9 Draws,       0 Flashes
D129: 0.0591 ROUND  --      11 Draws,       0 Flashes
D130: 0.0256 ROUND  --       5 Draws,       0 Flashes
---------------------------------------------------------
121 D-Codes      -----   93136 Draws,    4158 Flashes

*********************************************************

Output file: E:\CALYX_FEMTO_2017-06-01\FINAL\CALYX_FEMTO_2017-06-01.BOT

Aperture totals for E:\CALYX_FEMTO_2017-06-01\FINAL\CALYX_FEMTO_2017-06-01.BOT:
---------------------------------------------------------
D101: 0.0039 ROUND  --    2680 Draws,       0 Flashes
D102: 0.0040 ROUND  --     660 Draws,       0 Flashes
D103: 0.0100 ROUND  --   16720 Draws,       0 Flashes
D104: 0.0400 ROUND  --     504 Draws,       0 Flashes
D105: 0.0080 ROUND  --    2240 Draws,       0 Flashes
D106: 0.0060 ROUND  --   18658 Draws,       0 Flashes
D108: 0.0118 ROUND  --      43 Draws,       0 Flashes
D109: 0.0394 ROUND  --      22 Draws,       0 Flashes
D111: 0.0138 ROUND  --       2 Draws,       0 Flashes
D112: 0.0197 ROUND  --     146 Draws,       0 Flashes
D113: 0.0236 ROUND  --       0 Draws,      25 Flashes
D114: 0.0140 ROUND  --      60 Draws,       0 Flashes
D122: 0.0300 ROUND  --       1 Draws,       0 Flashes
D131: 0.0401 ROUND  --       0 Draws,      36 Flashes
D132: 0.0600 ROUND  --       0 Draws,      22 Flashes
D133: 0.0600 SQUARE --       0 Draws,       6 Flashes
D134: 0.1300 x 0.1700 OBLONG    -----       8 Flashes
D135: 0.1700 x 0.1300 OBLONG    -----       4 Flashes
D136: 0.1500 x 0.1100 OBLONG    -----       4 Flashes
D137: 0.0630 ROUND  --       0 Draws,     132 Flashes
D138: 0.0630 SQUARE --       0 Draws,      33 Flashes
D139: 0.1000 x 0.0500 OBLONG    -----       4 Flashes
D140: 0.0236 ROUND  --       0 Draws,    1146 Flashes
D141: 0.0394 ROUND  --       0 Draws,       4 Flashes
D142: 0.1260 ROUND  --       0 Draws,       5 Flashes
D143: 0.0181 ROUND  --       0 Draws,       5 Flashes
D144: 0.0260 x 0.0740 OBLONG    -----       7 Flashes
D145: 0.0260 x 0.0740 RECTANGLE -----       1 Flashes
D146: 0.0945 ROUND  --       0 Draws,       6 Flashes
D147: 0.1102 ROUND  --       0 Draws,       6 Flashes
D148: 0.1417 ROUND  --       0 Draws,       8 Flashes
D149: 0.1700 ROUND  --       0 Draws,       2 Flashes
D150: 0.0640 ROUND  --       0 Draws,       4 Flashes
D151: 0.0709 ROUND  --       0 Draws,      60 Flashes
D152: 0.0700 ROUND  --       0 Draws,       5 Flashes
D153: 0.0700 SQUARE --       0 Draws,       1 Flashes
D154: 0.0591 ROUND  --       0 Draws,      49 Flashes
D155: 0.0591 SQUARE --       0 Draws,       7 Flashes
D156: 0.2200 x 0.1000 OBLONG    -----       2 Flashes
D157: 0.1279 ROUND  --       0 Draws,       5 Flashes
D158: 0.0400 ROUND  --       0 Draws,     128 Flashes
D159: 0.0551 ROUND  --       0 Draws,       6 Flashes
D160: 0.0394 x 0.0630 OBLONG    -----      56 Flashes
D161: 0.0820 ROUND  --       0 Draws,       4 Flashes
D162: 0.0354 ROUND  --       0 Draws,     219 Flashes
D163: 0.0236 ROUND  --       0 Draws,       2 Flashes
---------------------------------------------------------
 46 D-Codes      -----   41736 Draws,    2012 Flashes

*********************************************************

Output file: E:\CALYX_FEMTO_2017-06-01\FINAL\CALYX_FEMTO_2017-06-01.GND

Aperture totals for E:\CALYX_FEMTO_2017-06-01\FINAL\CALYX_FEMTO_2017-06-01.GND:
---------------------------------------------------------
D103: 0.0100 ROUND  --    5550 Draws,       0 Flashes
D104: 0.0400 ROUND  --     326 Draws,       0 Flashes
D105: 0.0080 ROUND  --    5312 Draws,       0 Flashes
D106: 0.0060 ROUND  --   27685 Draws,       0 Flashes
D108: 0.0118 ROUND  --       4 Draws,       0 Flashes
D128: 0.0787 ROUND  --       1 Draws,       0 Flashes
D137: 0.0630 ROUND  --       0 Draws,      67 Flashes
D138: 0.0630 SQUARE --       0 Draws,       9 Flashes
D141: 0.0394 ROUND  --       0 Draws,     387 Flashes
D143: 0.0181 ROUND  --       0 Draws,       5 Flashes
D151: 0.0709 ROUND  --       0 Draws,       4 Flashes
D152: 0.0700 ROUND  --       0 Draws,       4 Flashes
D157: 0.1279 ROUND  --       0 Draws,       5 Flashes
D159: 0.0551 ROUND  --       0 Draws,       6 Flashes
D160: 0.0394 x 0.0630 OBLONG    -----      56 Flashes
D164: 0.0780 ROUND  --       0 Draws,       6 Flashes
D165: 0.0780 SQUARE --       0 Draws,       6 Flashes
D166: 0.1299 x 0.1701 OBLONG    -----       8 Flashes
D167: 0.1900 x 0.1500 OBLONG    -----       4 Flashes
D168: 0.1680 x 0.1300 OBLONG    -----       4 Flashes
D169: 0.0830 ROUND  --       0 Draws,     106 Flashes
D170: 0.0830 SQUARE --       0 Draws,      31 Flashes
D171: 0.0787 ROUND  --       0 Draws,      17 Flashes
D172: 0.1200 x 0.0700 OBLONG    -----       4 Flashes
D173: 0.0275 ROUND  --       0 Draws,      45 Flashes
D174: 0.1024 ROUND  --       0 Draws,       5 Flashes
D175: 0.0940 ROUND  --       0 Draws,       6 Flashes
D176: 0.1100 ROUND  --       0 Draws,       6 Flashes
D177: 0.0810 ROUND  --       0 Draws,       8 Flashes
D178: 0.1600 ROUND  --       0 Draws,       8 Flashes
D179: 0.1880 ROUND  --       0 Draws,       2 Flashes
D180: 0.0710 ROUND  --       0 Draws,      60 Flashes
D181: 0.0787 SQUARE --       0 Draws,       1 Flashes
D182: 0.2400 x 0.1200 OBLONG    -----       2 Flashes
D183: 0.1000 ROUND  --       0 Draws,      10 Flashes
D184: 0.0244 ROUND  --       0 Draws,      34 Flashes
D185: 0.0256 ROUND  --       0 Draws,    1067 Flashes
D186: 0.0010 ROUND  --      18 Draws,       0 Flashes
D187: 0.0256 ROUND  --       0 Draws,      11 Flashes
D188: 0.0256 ROUND  --       0 Draws,       9 Flashes
D189: 0.1496 ROUND  --       5 Draws,       0 Flashes
D190: 0.0256 ROUND  --       0 Draws,       7 Flashes
---------------------------------------------------------
 42 D-Codes      -----   38901 Draws,    2010 Flashes

*********************************************************

Output file: E:\CALYX_FEMTO_2017-06-01\FINAL\CALYX_FEMTO_2017-06-01.PWR

Aperture totals for E:\CALYX_FEMTO_2017-06-01\FINAL\CALYX_FEMTO_2017-06-01.PWR:
---------------------------------------------------------
D103: 0.0100 ROUND  --   38332 Draws,       0 Flashes
D104: 0.0400 ROUND  --     104 Draws,       0 Flashes
D106: 0.0060 ROUND  --   18149 Draws,       0 Flashes
D108: 0.0118 ROUND  --       3 Draws,       0 Flashes
D109: 0.0394 ROUND  --      36 Draws,       0 Flashes
D110: 0.0590 ROUND  --      31 Draws,       0 Flashes
D112: 0.0197 ROUND  --     204 Draws,       0 Flashes
D128: 0.0787 ROUND  --       1 Draws,       0 Flashes
D137: 0.0630 ROUND  --       0 Draws,      67 Flashes
D138: 0.0630 SQUARE --       0 Draws,       9 Flashes
D141: 0.0394 ROUND  --       0 Draws,     387 Flashes
D143: 0.0181 ROUND  --       0 Draws,       5 Flashes
D151: 0.0709 ROUND  --       0 Draws,       4 Flashes
D152: 0.0700 ROUND  --       0 Draws,       4 Flashes
D157: 0.1279 ROUND  --       0 Draws,       5 Flashes
D159: 0.0551 ROUND  --       0 Draws,       6 Flashes
D160: 0.0394 x 0.0630 OBLONG    -----      56 Flashes
D164: 0.0780 ROUND  --       0 Draws,       6 Flashes
D165: 0.0780 SQUARE --       0 Draws,       6 Flashes
D166: 0.1299 x 0.1701 OBLONG    -----       8 Flashes
D167: 0.1900 x 0.1500 OBLONG    -----       4 Flashes
D168: 0.1680 x 0.1300 OBLONG    -----       4 Flashes
D169: 0.0830 ROUND  --       0 Draws,     106 Flashes
D170: 0.0830 SQUARE --       0 Draws,      31 Flashes
D171: 0.0787 ROUND  --       0 Draws,      17 Flashes
D172: 0.1200 x 0.0700 OBLONG    -----       4 Flashes
D173: 0.0275 ROUND  --       0 Draws,      45 Flashes
D174: 0.1024 ROUND  --       0 Draws,       5 Flashes
D175: 0.0940 ROUND  --       0 Draws,       6 Flashes
D176: 0.1100 ROUND  --       0 Draws,       6 Flashes
D177: 0.0810 ROUND  --       0 Draws,       8 Flashes
D178: 0.1600 ROUND  --       0 Draws,       8 Flashes
D179: 0.1880 ROUND  --       0 Draws,       2 Flashes
D180: 0.0710 ROUND  --       0 Draws,      60 Flashes
D181: 0.0787 SQUARE --       0 Draws,       1 Flashes
D182: 0.2400 x 0.1200 OBLONG    -----       2 Flashes
D183: 0.1000 ROUND  --       0 Draws,      10 Flashes
D184: 0.0244 ROUND  --       0 Draws,      34 Flashes
D185: 0.0256 ROUND  --       0 Draws,    1067 Flashes
D186: 0.0010 ROUND  --      18 Draws,       0 Flashes
D187: 0.0256 ROUND  --       0 Draws,      11 Flashes
D188: 0.0256 ROUND  --       0 Draws,       5 Flashes
D189: 0.1496 ROUND  --       5 Draws,       0 Flashes
D190: 0.0256 ROUND  --       0 Draws,      11 Flashes
---------------------------------------------------------
 44 D-Codes      -----   56883 Draws,    2010 Flashes

*********************************************************

Output file: E:\CALYX_FEMTO_2017-06-01\FINAL\CALYX_FEMTO_2017-06-01.SMT

Aperture totals for E:\CALYX_FEMTO_2017-06-01\FINAL\CALYX_FEMTO_2017-06-01.SMT:
---------------------------------------------------------
D101: 0.0039 ROUND  --    4318 Draws,       0 Flashes
D102: 0.0040 ROUND  --    1080 Draws,       0 Flashes
D103: 0.0100 ROUND  --     651 Draws,       0 Flashes
D104: 0.0400 ROUND  --     111 Draws,       0 Flashes
D105: 0.0080 ROUND  --    2240 Draws,       0 Flashes
D107: 0.0059 ROUND  --      66 Draws,       0 Flashes
D131: 0.0401 ROUND  --       0 Draws,      36 Flashes
D132: 0.0600 ROUND  --       0 Draws,      16 Flashes
D133: 0.0600 SQUARE --       0 Draws,      20 Flashes
D136: 0.1500 x 0.1100 OBLONG    -----       4 Flashes
D137: 0.0630 ROUND  --       0 Draws,     192 Flashes
D138: 0.0630 SQUARE --       0 Draws,      33 Flashes
D139: 0.1000 x 0.0500 OBLONG    -----       4 Flashes
D140: 0.0236 ROUND  --       0 Draws,      65 Flashes
D141: 0.0394 ROUND  --       0 Draws,      60 Flashes
D143: 0.0181 ROUND  --       0 Draws,       5 Flashes
D144: 0.0260 x 0.0740 OBLONG    -----      14 Flashes
D145: 0.0260 x 0.0740 RECTANGLE -----       2 Flashes
D146: 0.0945 ROUND  --       0 Draws,       6 Flashes
D148: 0.1417 ROUND  --       0 Draws,       8 Flashes
D152: 0.0700 ROUND  --       0 Draws,       5 Flashes
D153: 0.0700 SQUARE --       0 Draws,       1 Flashes
D156: 0.2200 x 0.1000 OBLONG    -----       2 Flashes
D157: 0.1279 ROUND  --       0 Draws,       5 Flashes
D158: 0.0400 ROUND  --       0 Draws,     128 Flashes
D159: 0.0551 ROUND  --       0 Draws,       6 Flashes
D171: 0.0787 ROUND  --       0 Draws,       6 Flashes
D174: 0.1024 ROUND  --       0 Draws,       5 Flashes
D183: 0.1000 ROUND  --       0 Draws,      12 Flashes
D191: 0.0661 x 0.0299 RECTANGLE -----      12 Flashes
D192: 0.0299 x 0.0661 RECTANGLE -----       8 Flashes
D193: 0.0500 SQUARE --       0 Draws,    1154 Flashes
D194: 0.0787 x 0.2913 RECTANGLE -----      12 Flashes
D195: 0.0500 ROUND  --       0 Draws,      10 Flashes
D196: 0.1400 x 0.0300 OBLONG    -----      10 Flashes
D197: 0.0300 x 0.1400 OBLONG    -----      40 Flashes
D198: 0.0500 x 0.2000 OBLONG    -----      26 Flashes
D199: 0.0315 SQUARE --       0 Draws,      12 Flashes
D200: 0.0236 x 0.0197 RECTANGLE -----      12 Flashes
D201: 0.0197 x 0.0236 RECTANGLE -----       4 Flashes
D202: 0.0240 x 0.0320 RECTANGLE -----      10 Flashes
D203: 0.0320 x 0.0240 RECTANGLE -----      20 Flashes
D204: 0.0276 SQUARE --       0 Draws,      16 Flashes
D205: 0.0106 x 0.0197 RECTANGLE -----       4 Flashes
D206: 0.0551 x 0.0787 RECTANGLE -----       4 Flashes
D207: 0.0400 x 0.0500 RECTANGLE -----      21 Flashes
D208: 0.0740 x 0.0260 OBLONG    -----      83 Flashes
D209: 0.0740 x 0.0260 RECTANGLE -----       9 Flashes
D210: 0.0472 x 0.0157 OBLONG    -----      15 Flashes
D211: 0.0472 x 0.0157 RECTANGLE -----       3 Flashes
D212: 0.0630 x 0.0551 RECTANGLE -----       1 Flashes
D213: 0.0118 x 0.0315 OBLONG    -----       7 Flashes
D214: 0.0118 x 0.0315 RECTANGLE -----       1 Flashes
D215: 0.0900 x 0.0550 RECTANGLE -----      24 Flashes
D216: 0.0550 x 0.0900 RECTANGLE -----       3 Flashes
D217: 0.0860 x 0.0250 OBLONG    -----      14 Flashes
D218: 0.0860 x 0.0250 RECTANGLE -----       2 Flashes
D219: 0.0250 x 0.0860 OBLONG    -----      14 Flashes
D220: 0.0250 x 0.0860 RECTANGLE -----       2 Flashes
D221: 0.0230 x 0.0610 OBLONG    -----      24 Flashes
D222: 0.0230 x 0.0610 RECTANGLE -----       6 Flashes
D223: 0.0315 x 0.0079 OBLONG    -----      24 Flashes
D224: 0.0079 x 0.0315 OBLONG    -----      23 Flashes
D225: 0.0079 x 0.0315 RECTANGLE -----       1 Flashes
D226: 0.0230 x 0.0512 OBLONG    -----      22 Flashes
D227: 0.0230 x 0.0512 RECTANGLE -----       5 Flashes
D228: 0.0787 x 0.0110 OBLONG    -----      80 Flashes
D229: 0.0787 x 0.0110 RECTANGLE -----       8 Flashes
D230: 0.0110 x 0.0787 OBLONG    -----      77 Flashes
D231: 0.0110 x 0.0787 RECTANGLE -----      11 Flashes
D232: 0.0394 x 0.0091 OBLONG    -----       9 Flashes
D233: 0.0394 x 0.0091 RECTANGLE -----       1 Flashes
D234: 0.0551 x 0.0472 RECTANGLE -----       4 Flashes
D235: 0.0472 x 0.0551 RECTANGLE -----       4 Flashes
D236: 0.0260 x 0.0866 OBLONG    -----       7 Flashes
D237: 0.0260 x 0.0866 RECTANGLE -----       1 Flashes
D238: 0.1300 ROUND  --       0 Draws,       2 Flashes
D239: 0.0905 x 0.0275 RECTANGLE -----      20 Flashes
D240: 0.0275 x 0.0905 RECTANGLE -----       8 Flashes
D241: 0.0394 x 0.0590 RECTANGLE -----      16 Flashes
D242: 0.1181 x 0.0394 RECTANGLE -----      48 Flashes
D243: 0.0394 x 0.1181 RECTANGLE -----       8 Flashes
D244: 0.0335 ROUND  --       0 Draws,      49 Flashes
D245: 0.0335 SQUARE --       0 Draws,       7 Flashes
D246: 0.0500 x 0.0400 RECTANGLE -----      21 Flashes
D247: 0.0590 x 0.0157 OBLONG    -----      28 Flashes
D248: 0.0590 x 0.0157 RECTANGLE -----       4 Flashes
D249: 0.0700 x 0.0200 OBLONG    -----      32 Flashes
D250: 0.0200 x 0.0700 OBLONG    -----      30 Flashes
D251: 0.0200 x 0.0700 RECTANGLE -----       2 Flashes
D252: 0.0236 x 0.0787 OBLONG    -----      15 Flashes
D253: 0.0236 x 0.0787 RECTANGLE -----       1 Flashes
D254: 0.0320 ROUND  --       0 Draws,      14 Flashes
D255: 0.0400 x 0.0120 RECTANGLE -----       5 Flashes
D256: 0.0551 x 0.0630 RECTANGLE -----      24 Flashes
D257: 0.0520 ROUND  --       0 Draws,       4 Flashes
---------------------------------------------------------
 96 D-Codes      -----    8466 Draws,    2833 Flashes

*********************************************************

Output file: E:\CALYX_FEMTO_2017-06-01\FINAL\CALYX_FEMTO_2017-06-01.SMB

Aperture totals for E:\CALYX_FEMTO_2017-06-01\FINAL\CALYX_FEMTO_2017-06-01.SMB:
---------------------------------------------------------
D101: 0.0039 ROUND  --    2514 Draws,       0 Flashes
D104: 0.0400 ROUND  --     111 Draws,       0 Flashes
D105: 0.0080 ROUND  --    2448 Draws,       0 Flashes
D131: 0.0401 ROUND  --       0 Draws,      36 Flashes
D132: 0.0600 ROUND  --       0 Draws,      22 Flashes
D133: 0.0600 SQUARE --       0 Draws,       6 Flashes
D134: 0.1300 x 0.1700 OBLONG    -----       8 Flashes
D135: 0.1700 x 0.1300 OBLONG    -----       4 Flashes
D136: 0.1500 x 0.1100 OBLONG    -----       4 Flashes
D137: 0.0630 ROUND  --       0 Draws,     132 Flashes
D138: 0.0630 SQUARE --       0 Draws,      33 Flashes
D139: 0.1000 x 0.0500 OBLONG    -----       4 Flashes
D140: 0.0236 ROUND  --       0 Draws,      65 Flashes
D141: 0.0394 ROUND  --       0 Draws,       4 Flashes
D142: 0.1260 ROUND  --       0 Draws,       5 Flashes
D143: 0.0181 ROUND  --       0 Draws,       5 Flashes
D144: 0.0260 x 0.0740 OBLONG    -----       7 Flashes
D145: 0.0260 x 0.0740 RECTANGLE -----       1 Flashes
D146: 0.0945 ROUND  --       0 Draws,       6 Flashes
D147: 0.1102 ROUND  --       0 Draws,       6 Flashes
D148: 0.1417 ROUND  --       0 Draws,       8 Flashes
D149: 0.1700 ROUND  --       0 Draws,       2 Flashes
D150: 0.0640 ROUND  --       0 Draws,       4 Flashes
D151: 0.0709 ROUND  --       0 Draws,      60 Flashes
D152: 0.0700 ROUND  --       0 Draws,       5 Flashes
D153: 0.0700 SQUARE --       0 Draws,       1 Flashes
D154: 0.0591 ROUND  --       0 Draws,      49 Flashes
D155: 0.0591 SQUARE --       0 Draws,       7 Flashes
D156: 0.2200 x 0.1000 OBLONG    -----       2 Flashes
D157: 0.1279 ROUND  --       0 Draws,       5 Flashes
D158: 0.0400 ROUND  --       0 Draws,     128 Flashes
D159: 0.0551 ROUND  --       0 Draws,       6 Flashes
D160: 0.0394 x 0.0630 OBLONG    -----      56 Flashes
D161: 0.0820 ROUND  --       0 Draws,       4 Flashes
D254: 0.0320 ROUND  --       0 Draws,      14 Flashes
---------------------------------------------------------
 35 D-Codes      -----    5073 Draws,     699 Flashes

*********************************************************

Output file: E:\CALYX_FEMTO_2017-06-01\FINAL\CALYX_FEMTO_2017-06-01.SPT

Aperture totals for E:\CALYX_FEMTO_2017-06-01\FINAL\CALYX_FEMTO_2017-06-01.SPT:
---------------------------------------------------------
D101: 0.0039 ROUND  --     961 Draws,       0 Flashes
D102: 0.0040 ROUND  --     600 Draws,       0 Flashes
D107: 0.0059 ROUND  --      66 Draws,       0 Flashes
D133: 0.0600 SQUARE --       0 Draws,      20 Flashes
D143: 0.0181 ROUND  --       0 Draws,       5 Flashes
D144: 0.0260 x 0.0740 OBLONG    -----      14 Flashes
D145: 0.0260 x 0.0740 RECTANGLE -----       2 Flashes
D191: 0.0661 x 0.0299 RECTANGLE -----      12 Flashes
D192: 0.0299 x 0.0661 RECTANGLE -----       8 Flashes
D193: 0.0500 SQUARE --       0 Draws,    1148 Flashes
D194: 0.0787 x 0.2913 RECTANGLE -----      12 Flashes
D196: 0.1400 x 0.0300 OBLONG    -----      10 Flashes
D197: 0.0300 x 0.1400 OBLONG    -----      40 Flashes
D198: 0.0500 x 0.2000 OBLONG    -----      26 Flashes
D199: 0.0315 SQUARE --       0 Draws,      12 Flashes
D200: 0.0236 x 0.0197 RECTANGLE -----      12 Flashes
D201: 0.0197 x 0.0236 RECTANGLE -----       4 Flashes
D202: 0.0240 x 0.0320 RECTANGLE -----      10 Flashes
D203: 0.0320 x 0.0240 RECTANGLE -----      20 Flashes
D204: 0.0276 SQUARE --       0 Draws,      16 Flashes
D205: 0.0106 x 0.0197 RECTANGLE -----       1 Flashes
D206: 0.0551 x 0.0787 RECTANGLE -----       4 Flashes
D207: 0.0400 x 0.0500 RECTANGLE -----      21 Flashes
D208: 0.0740 x 0.0260 OBLONG    -----      83 Flashes
D209: 0.0740 x 0.0260 RECTANGLE -----       9 Flashes
D210: 0.0472 x 0.0157 OBLONG    -----      15 Flashes
D211: 0.0472 x 0.0157 RECTANGLE -----       3 Flashes
D212: 0.0630 x 0.0551 RECTANGLE -----       1 Flashes
D213: 0.0118 x 0.0315 OBLONG    -----       7 Flashes
D214: 0.0118 x 0.0315 RECTANGLE -----       1 Flashes
D215: 0.0900 x 0.0550 RECTANGLE -----      24 Flashes
D216: 0.0550 x 0.0900 RECTANGLE -----       3 Flashes
D217: 0.0860 x 0.0250 OBLONG    -----      14 Flashes
D218: 0.0860 x 0.0250 RECTANGLE -----       2 Flashes
D219: 0.0250 x 0.0860 OBLONG    -----      14 Flashes
D220: 0.0250 x 0.0860 RECTANGLE -----       2 Flashes
D221: 0.0230 x 0.0610 OBLONG    -----      24 Flashes
D222: 0.0230 x 0.0610 RECTANGLE -----       6 Flashes
D223: 0.0315 x 0.0079 OBLONG    -----      24 Flashes
D224: 0.0079 x 0.0315 OBLONG    -----      23 Flashes
D225: 0.0079 x 0.0315 RECTANGLE -----       1 Flashes
D226: 0.0230 x 0.0512 OBLONG    -----      22 Flashes
D227: 0.0230 x 0.0512 RECTANGLE -----       5 Flashes
D228: 0.0787 x 0.0110 OBLONG    -----      80 Flashes
D229: 0.0787 x 0.0110 RECTANGLE -----       8 Flashes
D230: 0.0110 x 0.0787 OBLONG    -----      77 Flashes
D231: 0.0110 x 0.0787 RECTANGLE -----      11 Flashes
D232: 0.0394 x 0.0091 OBLONG    -----       9 Flashes
D233: 0.0394 x 0.0091 RECTANGLE -----       1 Flashes
D234: 0.0551 x 0.0472 RECTANGLE -----       4 Flashes
D235: 0.0472 x 0.0551 RECTANGLE -----       4 Flashes
D236: 0.0260 x 0.0866 OBLONG    -----       7 Flashes
D237: 0.0260 x 0.0866 RECTANGLE -----       1 Flashes
D239: 0.0905 x 0.0275 RECTANGLE -----      20 Flashes
D240: 0.0275 x 0.0905 RECTANGLE -----       8 Flashes
D241: 0.0394 x 0.0590 RECTANGLE -----      16 Flashes
D246: 0.0500 x 0.0400 RECTANGLE -----      21 Flashes
D247: 0.0590 x 0.0157 OBLONG    -----      28 Flashes
D248: 0.0590 x 0.0157 RECTANGLE -----       4 Flashes
D249: 0.0700 x 0.0200 OBLONG    -----      32 Flashes
D250: 0.0200 x 0.0700 OBLONG    -----      30 Flashes
D251: 0.0200 x 0.0700 RECTANGLE -----       2 Flashes
D252: 0.0236 x 0.0787 OBLONG    -----      15 Flashes
D253: 0.0236 x 0.0787 RECTANGLE -----       1 Flashes
D255: 0.0400 x 0.0120 RECTANGLE -----       5 Flashes
D256: 0.0551 x 0.0630 RECTANGLE -----      24 Flashes
D258: 0.0106 x 0.0157 RECTANGLE -----       3 Flashes
---------------------------------------------------------
 67 D-Codes      -----    1627 Draws,    2091 Flashes

*********************************************************

Output file: E:\CALYX_FEMTO_2017-06-01\FINAL\CALYX_FEMTO_2017-06-01.SPB

Aperture totals for E:\CALYX_FEMTO_2017-06-01\FINAL\CALYX_FEMTO_2017-06-01.SPB:
---------------------------------------------------------
D144: 0.0260 x 0.0740 OBLONG    -----       7 Flashes
D145: 0.0260 x 0.0740 RECTANGLE -----       1 Flashes
---------------------------------------------------------
  2 D-Codes      -----       0 Draws,       8 Flashes

*********************************************************

Output file: E:\CALYX_FEMTO_2017-06-01\FINAL\CALYX_FEMTO_2017-06-01.SST

Aperture totals for E:\CALYX_FEMTO_2017-06-01\FINAL\CALYX_FEMTO_2017-06-01.SST:
---------------------------------------------------------
D101: 0.0039 ROUND  --   24683 Draws,       0 Flashes
D102: 0.0040 ROUND  --    1043 Draws,       0 Flashes
D103: 0.0100 ROUND  --     418 Draws,       0 Flashes
D105: 0.0080 ROUND  --    1130 Draws,       0 Flashes
D106: 0.0060 ROUND  --     327 Draws,       0 Flashes
D107: 0.0059 ROUND  --      92 Draws,       0 Flashes
D117: 0.0200 ROUND  --      60 Draws,       0 Flashes
D118: 0.0079 ROUND  --      24 Draws,       0 Flashes
D186: 0.0010 ROUND  --     607 Draws,       0 Flashes
D259: 0.0157 ROUND  --       7 Draws,       0 Flashes
D260: 0.0050 ROUND  --     424 Draws,       0 Flashes
---------------------------------------------------------
 11 D-Codes      -----   28815 Draws,       0 Flashes

*********************************************************

Output file: E:\CALYX_FEMTO_2017-06-01\FINAL\CALYX_FEMTO_2017-06-01.SSB

Aperture totals for E:\CALYX_FEMTO_2017-06-01\FINAL\CALYX_FEMTO_2017-06-01.SSB:
---------------------------------------------------------
D101: 0.0039 ROUND  --     186 Draws,       0 Flashes
D102: 0.0040 ROUND  --     295 Draws,       0 Flashes
D103: 0.0100 ROUND  --     273 Draws,       0 Flashes
D105: 0.0080 ROUND  --     335 Draws,       0 Flashes
D107: 0.0059 ROUND  --     566 Draws,       0 Flashes
D112: 0.0197 ROUND  --      28 Draws,       0 Flashes
D117: 0.0200 ROUND  --      12 Draws,       0 Flashes
D118: 0.0079 ROUND  --     105 Draws,       0 Flashes
D260: 0.0050 ROUND  --      97 Draws,       0 Flashes
---------------------------------------------------------
  9 D-Codes      -----    1897 Draws,       0 Flashes

*********************************************************

Output file: E:\CALYX_FEMTO_2017-06-01\FINAL\CALYX_FEMTO_2017-06-01.AST

Aperture totals for E:\CALYX_FEMTO_2017-06-01\FINAL\CALYX_FEMTO_2017-06-01.AST:
---------------------------------------------------------
D101: 0.0039 ROUND  --    4231 Draws,       0 Flashes
D102: 0.0040 ROUND  --      36 Draws,       0 Flashes
D103: 0.0100 ROUND  --      42 Draws,       0 Flashes
D105: 0.0080 ROUND  --     858 Draws,       0 Flashes
D106: 0.0060 ROUND  --      52 Draws,       0 Flashes
D107: 0.0059 ROUND  --       8 Draws,       0 Flashes
D118: 0.0079 ROUND  --      12 Draws,       0 Flashes
D132: 0.0600 ROUND  --       0 Draws,      16 Flashes
D137: 0.0630 ROUND  --       0 Draws,     124 Flashes
D138: 0.0630 SQUARE --       0 Draws,      33 Flashes
D139: 0.1000 x 0.0500 OBLONG    -----       4 Flashes
D141: 0.0394 ROUND  --       0 Draws,       4 Flashes
D144: 0.0260 x 0.0740 OBLONG    -----      14 Flashes
D145: 0.0260 x 0.0740 RECTANGLE -----       2 Flashes
D152: 0.0700 ROUND  --       0 Draws,       5 Flashes
D153: 0.0700 SQUARE --       0 Draws,       1 Flashes
D186: 0.0010 ROUND  --     200 Draws,       0 Flashes
D191: 0.0661 x 0.0299 RECTANGLE -----      12 Flashes
D192: 0.0299 x 0.0661 RECTANGLE -----       8 Flashes
D193: 0.0500 SQUARE --       0 Draws,    1148 Flashes
D194: 0.0787 x 0.2913 RECTANGLE -----      12 Flashes
D199: 0.0315 SQUARE --       0 Draws,      12 Flashes
D202: 0.0240 x 0.0320 RECTANGLE -----      10 Flashes
D203: 0.0320 x 0.0240 RECTANGLE -----      20 Flashes
D205: 0.0106 x 0.0197 RECTANGLE -----       4 Flashes
D206: 0.0551 x 0.0787 RECTANGLE -----       4 Flashes
D207: 0.0400 x 0.0500 RECTANGLE -----      21 Flashes
D208: 0.0740 x 0.0260 OBLONG    -----      83 Flashes
D209: 0.0740 x 0.0260 RECTANGLE -----       9 Flashes
D210: 0.0472 x 0.0157 OBLONG    -----      15 Flashes
D211: 0.0472 x 0.0157 RECTANGLE -----       3 Flashes
D213: 0.0118 x 0.0315 OBLONG    -----       7 Flashes
D214: 0.0118 x 0.0315 RECTANGLE -----       1 Flashes
D215: 0.0900 x 0.0550 RECTANGLE -----      24 Flashes
D216: 0.0550 x 0.0900 RECTANGLE -----       3 Flashes
D217: 0.0860 x 0.0250 OBLONG    -----      14 Flashes
D218: 0.0860 x 0.0250 RECTANGLE -----       2 Flashes
D219: 0.0250 x 0.0860 OBLONG    -----      14 Flashes
D220: 0.0250 x 0.0860 RECTANGLE -----       2 Flashes
D221: 0.0230 x 0.0610 OBLONG    -----      24 Flashes
D222: 0.0230 x 0.0610 RECTANGLE -----       6 Flashes
D223: 0.0315 x 0.0079 OBLONG    -----      24 Flashes
D224: 0.0079 x 0.0315 OBLONG    -----      23 Flashes
D225: 0.0079 x 0.0315 RECTANGLE -----       1 Flashes
D226: 0.0230 x 0.0512 OBLONG    -----      22 Flashes
D227: 0.0230 x 0.0512 RECTANGLE -----       5 Flashes
D228: 0.0787 x 0.0110 OBLONG    -----      80 Flashes
D229: 0.0787 x 0.0110 RECTANGLE -----       8 Flashes
D230: 0.0110 x 0.0787 OBLONG    -----      77 Flashes
D231: 0.0110 x 0.0787 RECTANGLE -----      11 Flashes
D232: 0.0394 x 0.0091 OBLONG    -----       9 Flashes
D233: 0.0394 x 0.0091 RECTANGLE -----       1 Flashes
D234: 0.0551 x 0.0472 RECTANGLE -----       4 Flashes
D235: 0.0472 x 0.0551 RECTANGLE -----       4 Flashes
D236: 0.0260 x 0.0866 OBLONG    -----       7 Flashes
D237: 0.0260 x 0.0866 RECTANGLE -----       1 Flashes
D241: 0.0394 x 0.0590 RECTANGLE -----      16 Flashes
D246: 0.0500 x 0.0400 RECTANGLE -----      21 Flashes
D249: 0.0700 x 0.0200 OBLONG    -----      32 Flashes
D250: 0.0200 x 0.0700 OBLONG    -----      30 Flashes
D251: 0.0200 x 0.0700 RECTANGLE -----       2 Flashes
D252: 0.0236 x 0.0787 OBLONG    -----      15 Flashes
D253: 0.0236 x 0.0787 RECTANGLE -----       1 Flashes
D255: 0.0400 x 0.0120 RECTANGLE -----       5 Flashes
D261: 0.0020 ROUND  --     456 Draws,       0 Flashes
---------------------------------------------------------
 65 D-Codes      -----    5895 Draws,    2060 Flashes

*********************************************************

Output file: E:\CALYX_FEMTO_2017-06-01\FINAL\CALYX_FEMTO_2017-06-01.DRD

Aperture totals for E:\CALYX_FEMTO_2017-06-01\FINAL\CALYX_FEMTO_2017-06-01.DRD:
---------------------------------------------------------
D101: 0.0039 ROUND  --     520 Draws,       0 Flashes
D102: 0.0040 ROUND  --     800 Draws,       0 Flashes
D103: 0.0100 ROUND  --   10892 Draws,       0 Flashes
D105: 0.0080 ROUND  --     128 Draws,       0 Flashes
D106: 0.0060 ROUND  --     228 Draws,       0 Flashes
D117: 0.0200 ROUND  --      14 Draws,       0 Flashes
D118: 0.0079 ROUND  --     132 Draws,       0 Flashes
D186: 0.0010 ROUND  --     428 Draws,       0 Flashes
---------------------------------------------------------
  8 D-Codes      -----   13142 Draws,       0 Flashes

*********************************************************

Output file: E:\CALYX_FEMTO_2017-06-01\FINAL\CALYX_FEMTO_2017-06-01.FAB

Aperture totals for E:\CALYX_FEMTO_2017-06-01\FINAL\CALYX_FEMTO_2017-06-01.FAB:
---------------------------------------------------------
D186: 0.0010 ROUND  --      18 Draws,       0 Flashes
---------------------------------------------------------
  1 D-Codes      -----      18 Draws,       0 Flashes


*********************************************************

Aperture totals for entire project:
---------------------------------------------------------
D10:  0.0661 x 0.0299 RECTANGLE -----      12 Flashes
D11:  0.0299 x 0.0661 RECTANGLE -----       8 Flashes
D12:  0.0500 SQUARE --       0 Draws,    1154 Flashes
D13:  0.0600 SQUARE --       0 Draws,      20 Flashes
D14:  0.0401 ROUND  --       0 Draws,      36 Flashes
D15:  0.0787 x 0.2913 RECTANGLE -----      12 Flashes
D16:  0.0500 ROUND  --       0 Draws,      10 Flashes
D17:  0.1400 x 0.0300 OBLONG    -----      10 Flashes
D18:  0.0300 x 0.1400 OBLONG    -----      40 Flashes
D19:  0.0500 x 0.2000 OBLONG    -----      26 Flashes
D20:  0.1200 ROUND  --       0 Draws,      12 Flashes
D21:  0.0200 SQUARE --       0 Draws,      12 Flashes
D22:  0.1500 x 0.1100 OBLONG    -----       4 Flashes
D23:  0.0630 ROUND  --       0 Draws,     192 Flashes
D24:  0.0630 SQUARE --       0 Draws,      33 Flashes
D25:  0.0600 ROUND  --       0 Draws,      16 Flashes
D26:  0.0315 SQUARE --       0 Draws,      12 Flashes
D27:  0.0236 x 0.0197 RECTANGLE -----      12 Flashes
D28:  0.0197 x 0.0236 RECTANGLE -----       4 Flashes
D29:  0.1000 x 0.0500 OBLONG    -----       4 Flashes
D30:  0.0236 ROUND  --       0 Draws,    1146 Flashes
D31:  0.0240 x 0.0320 RECTANGLE -----      10 Flashes
D32:  0.0320 x 0.0240 RECTANGLE -----      20 Flashes
D33:  0.0394 ROUND  --       0 Draws,      60 Flashes
D34:  0.0276 SQUARE --       0 Draws,      16 Flashes
D35:  0.1024 ROUND  --       0 Draws,       5 Flashes
D36:  0.0106 x 0.0197 RECTANGLE -----       4 Flashes
D37:  0.0551 x 0.0787 RECTANGLE -----       4 Flashes
D38:  0.0400 x 0.0500 RECTANGLE -----      21 Flashes
D39:  0.0740 x 0.0260 OBLONG    -----      83 Flashes
D40:  0.0740 x 0.0260 RECTANGLE -----       9 Flashes
D41:  0.0260 x 0.0740 OBLONG    -----      14 Flashes
D42:  0.0260 x 0.0740 RECTANGLE -----       2 Flashes
D43:  0.0472 x 0.0157 OBLONG    -----      15 Flashes
D44:  0.0472 x 0.0157 RECTANGLE -----       3 Flashes
D45:  0.0630 x 0.0551 RECTANGLE -----       1 Flashes
D46:  0.0118 x 0.0315 OBLONG    -----       7 Flashes
D47:  0.0118 x 0.0315 RECTANGLE -----       1 Flashes
D48:  0.0900 x 0.0550 RECTANGLE -----      24 Flashes
D49:  0.0550 x 0.0900 RECTANGLE -----       3 Flashes
D50:  0.0860 x 0.0250 OBLONG    -----      14 Flashes
D51:  0.0860 x 0.0250 RECTANGLE -----       2 Flashes
D52:  0.0250 x 0.0860 OBLONG    -----      14 Flashes
D53:  0.0250 x 0.0860 RECTANGLE -----       2 Flashes
D54:  0.0230 x 0.0610 OBLONG    -----      24 Flashes
D55:  0.0230 x 0.0610 RECTANGLE -----       6 Flashes
D56:  0.0315 x 0.0079 OBLONG    -----      24 Flashes
D57:  0.0079 x 0.0315 OBLONG    -----      23 Flashes
D58:  0.0079 x 0.0315 RECTANGLE -----       1 Flashes
D59:  0.0230 x 0.0512 OBLONG    -----      22 Flashes
D60:  0.0230 x 0.0512 RECTANGLE -----       5 Flashes
D61:  0.0787 x 0.0110 OBLONG    -----      80 Flashes
D62:  0.0787 x 0.0110 RECTANGLE -----       8 Flashes
D63:  0.0110 x 0.0787 OBLONG    -----      77 Flashes
D64:  0.0110 x 0.0787 RECTANGLE -----      11 Flashes
D65:  0.0181 ROUND  --       0 Draws,       5 Flashes
D66:  0.0394 x 0.0091 OBLONG    -----       9 Flashes
D67:  0.0394 x 0.0091 RECTANGLE -----       1 Flashes
D68:  0.0551 x 0.0472 RECTANGLE -----       4 Flashes
D69:  0.0472 x 0.0551 RECTANGLE -----       4 Flashes
D70:  0.0260 x 0.0866 OBLONG    -----       7 Flashes
D71:  0.0260 x 0.0866 RECTANGLE -----       1 Flashes
D72:  0.0787 ROUND  --       0 Draws,       6 Flashes
D73:  0.0945 ROUND  --       0 Draws,       6 Flashes
D74:  0.1417 ROUND  --       0 Draws,       8 Flashes
D75:  0.1300 ROUND  --       0 Draws,       2 Flashes
D76:  0.0905 x 0.0275 RECTANGLE -----      20 Flashes
D77:  0.0700 ROUND  --       0 Draws,       5 Flashes
D78:  0.0700 SQUARE --       0 Draws,       1 Flashes
D79:  0.0275 x 0.0905 RECTANGLE -----       8 Flashes
D80:  0.0394 x 0.0590 RECTANGLE -----      16 Flashes
D81:  0.1181 x 0.0394 RECTANGLE -----      48 Flashes
D82:  0.0394 x 0.1181 RECTANGLE -----       8 Flashes
D83:  0.0335 ROUND  --       0 Draws,      49 Flashes
D84:  0.0335 SQUARE --       0 Draws,       7 Flashes
D85:  0.0500 x 0.0400 RECTANGLE -----      21 Flashes
D86:  0.2200 x 0.1000 OBLONG    -----       2 Flashes
D87:  0.1279 ROUND  --       0 Draws,       5 Flashes
D88:  0.0400 ROUND  --       0 Draws,     128 Flashes
D89:  0.0590 x 0.0157 OBLONG    -----      28 Flashes
D90:  0.0590 x 0.0157 RECTANGLE -----       4 Flashes
D91:  0.0551 ROUND  --       0 Draws,       6 Flashes
D92:  0.0700 x 0.0200 OBLONG    -----      32 Flashes
D93:  0.0200 x 0.0700 OBLONG    -----      30 Flashes
D94:  0.0200 x 0.0700 RECTANGLE -----       2 Flashes
D95:  0.0236 x 0.0787 OBLONG    -----      15 Flashes
D96:  0.0236 x 0.0787 RECTANGLE -----       1 Flashes
D97:  0.0400 x 0.0120 RECTANGLE -----       5 Flashes
D98:  0.0551 x 0.0630 RECTANGLE -----      24 Flashes
D99:  0.0520 ROUND  --       0 Draws,       4 Flashes
D100: 0.0354 ROUND  --       0 Draws,     219 Flashes
D101: 0.0039 ROUND  --   44303 Draws,       0 Flashes
D102: 0.0040 ROUND  --    5174 Draws,       0 Flashes
D103: 0.0100 ROUND  --   75561 Draws,       0 Flashes
D104: 0.0400 ROUND  --    2259 Draws,       0 Flashes
D105: 0.0080 ROUND  --   58444 Draws,       0 Flashes
D106: 0.0060 ROUND  --   99805 Draws,       0 Flashes
D107: 0.0059 ROUND  --     898 Draws,       0 Flashes
D108: 0.0118 ROUND  --    1592 Draws,       0 Flashes
D109: 0.0394 ROUND  --    1065 Draws,       0 Flashes
D110: 0.0590 ROUND  --     183 Draws,       0 Flashes
D111: 0.0138 ROUND  --     307 Draws,       0 Flashes
D112: 0.0197 ROUND  --    2344 Draws,       0 Flashes
D113: 0.0236 ROUND  --       0 Draws,      52 Flashes
D114: 0.0140 ROUND  --     376 Draws,       0 Flashes
D115: 0.0315 ROUND  --      22 Draws,       0 Flashes
D116: 0.1000 ROUND  --      17 Draws,       0 Flashes
D117: 0.0200 ROUND  --     115 Draws,       0 Flashes
D118: 0.0079 ROUND  --     492 Draws,       0 Flashes
D119: 0.0800 ROUND  --      14 Draws,       0 Flashes
D120: 0.0600 ROUND  --      23 Draws,       0 Flashes
D121: 0.0472 ROUND  --      18 Draws,       0 Flashes
D122: 0.0300 ROUND  --      60 Draws,       0 Flashes
D123: 0.0098 ROUND  --      34 Draws,       0 Flashes
D124: 0.0276 ROUND  --       4 Draws,       0 Flashes
D125: 0.0110 ROUND  --      97 Draws,       0 Flashes
D126: 0.1181 ROUND  --      46 Draws,       0 Flashes
D127: 0.0500 ROUND  --      26 Draws,       0 Flashes
D128: 0.0787 ROUND  --      11 Draws,       0 Flashes
D129: 0.0591 ROUND  --      11 Draws,       0 Flashes
D130: 0.0256 ROUND  --       5 Draws,       0 Flashes
D131: 0.0401 ROUND  --       0 Draws,     108 Flashes
D132: 0.0600 ROUND  --       0 Draws,      76 Flashes
D133: 0.0600 SQUARE --       0 Draws,      52 Flashes
D134: 0.1300 x 0.1700 OBLONG    -----      16 Flashes
D135: 0.1700 x 0.1300 OBLONG    -----       8 Flashes
D136: 0.1500 x 0.1100 OBLONG    -----      12 Flashes
D137: 0.0630 ROUND  --       0 Draws,     714 Flashes
D138: 0.0630 SQUARE --       0 Draws,     150 Flashes
D139: 0.1000 x 0.0500 OBLONG    -----      16 Flashes
D140: 0.0236 ROUND  --       0 Draws,    1276 Flashes
D141: 0.0394 ROUND  --       0 Draws,     846 Flashes
D142: 0.1260 ROUND  --       0 Draws,      10 Flashes
D143: 0.0181 ROUND  --       0 Draws,      30 Flashes
D144: 0.0260 x 0.0740 OBLONG    -----      63 Flashes
D145: 0.0260 x 0.0740 RECTANGLE -----       9 Flashes
D146: 0.0945 ROUND  --       0 Draws,      18 Flashes
D147: 0.1102 ROUND  --       0 Draws,      12 Flashes
D148: 0.1417 ROUND  --       0 Draws,      24 Flashes
D149: 0.1700 ROUND  --       0 Draws,       4 Flashes
D150: 0.0640 ROUND  --       0 Draws,       8 Flashes
D151: 0.0709 ROUND  --       0 Draws,     128 Flashes
D152: 0.0700 ROUND  --       0 Draws,      28 Flashes
D153: 0.0700 SQUARE --       0 Draws,       4 Flashes
D154: 0.0591 ROUND  --       0 Draws,      98 Flashes
D155: 0.0591 SQUARE --       0 Draws,      14 Flashes
D156: 0.2200 x 0.1000 OBLONG    -----       6 Flashes
D157: 0.1279 ROUND  --       0 Draws,      25 Flashes
D158: 0.0400 ROUND  --       0 Draws,     384 Flashes
D159: 0.0551 ROUND  --       0 Draws,      30 Flashes
D160: 0.0394 x 0.0630 OBLONG    -----     224 Flashes
D161: 0.0820 ROUND  --       0 Draws,       8 Flashes
D162: 0.0354 ROUND  --       0 Draws,     219 Flashes
D163: 0.0236 ROUND  --       0 Draws,       2 Flashes
D164: 0.0780 ROUND  --       0 Draws,      12 Flashes
D165: 0.0780 SQUARE --       0 Draws,      12 Flashes
D166: 0.1299 x 0.1701 OBLONG    -----      16 Flashes
D167: 0.1900 x 0.1500 OBLONG    -----       8 Flashes
D168: 0.1680 x 0.1300 OBLONG    -----       8 Flashes
D169: 0.0830 ROUND  --       0 Draws,     212 Flashes
D170: 0.0830 SQUARE --       0 Draws,      62 Flashes
D171: 0.0787 ROUND  --       0 Draws,      40 Flashes
D172: 0.1200 x 0.0700 OBLONG    -----       8 Flashes
D173: 0.0275 ROUND  --       0 Draws,      90 Flashes
D174: 0.1024 ROUND  --       0 Draws,      15 Flashes
D175: 0.0940 ROUND  --       0 Draws,      12 Flashes
D176: 0.1100 ROUND  --       0 Draws,      12 Flashes
D177: 0.0810 ROUND  --       0 Draws,      16 Flashes
D178: 0.1600 ROUND  --       0 Draws,      16 Flashes
D179: 0.1880 ROUND  --       0 Draws,       4 Flashes
D180: 0.0710 ROUND  --       0 Draws,     120 Flashes
D181: 0.0787 SQUARE --       0 Draws,       2 Flashes
D182: 0.2400 x 0.1200 OBLONG    -----       4 Flashes
D183: 0.1000 ROUND  --       0 Draws,      32 Flashes
D184: 0.0244 ROUND  --       0 Draws,      68 Flashes
D185: 0.0256 ROUND  --       0 Draws,    2134 Flashes
D186: 0.0010 ROUND  --    1289 Draws,       0 Flashes
D187: 0.0256 ROUND  --       0 Draws,      22 Flashes
D188: 0.0256 ROUND  --       0 Draws,      14 Flashes
D189: 0.1496 ROUND  --      10 Draws,       0 Flashes
D190: 0.0256 ROUND  --       0 Draws,      18 Flashes
D191: 0.0661 x 0.0299 RECTANGLE -----      36 Flashes
D192: 0.0299 x 0.0661 RECTANGLE -----      24 Flashes
D193: 0.0500 SQUARE --       0 Draws,    3450 Flashes
D194: 0.0787 x 0.2913 RECTANGLE -----      36 Flashes
D195: 0.0500 ROUND  --       0 Draws,      10 Flashes
D196: 0.1400 x 0.0300 OBLONG    -----      20 Flashes
D197: 0.0300 x 0.1400 OBLONG    -----      80 Flashes
D198: 0.0500 x 0.2000 OBLONG    -----      52 Flashes
D199: 0.0315 SQUARE --       0 Draws,      36 Flashes
D200: 0.0236 x 0.0197 RECTANGLE -----      24 Flashes
D201: 0.0197 x 0.0236 RECTANGLE -----       8 Flashes
D202: 0.0240 x 0.0320 RECTANGLE -----      30 Flashes
D203: 0.0320 x 0.0240 RECTANGLE -----      60 Flashes
D204: 0.0276 SQUARE --       0 Draws,      32 Flashes
D205: 0.0106 x 0.0197 RECTANGLE -----       9 Flashes
D206: 0.0551 x 0.0787 RECTANGLE -----      12 Flashes
D207: 0.0400 x 0.0500 RECTANGLE -----      63 Flashes
D208: 0.0740 x 0.0260 OBLONG    -----     249 Flashes
D209: 0.0740 x 0.0260 RECTANGLE -----      27 Flashes
D210: 0.0472 x 0.0157 OBLONG    -----      45 Flashes
D211: 0.0472 x 0.0157 RECTANGLE -----       9 Flashes
D212: 0.0630 x 0.0551 RECTANGLE -----       2 Flashes
D213: 0.0118 x 0.0315 OBLONG    -----      21 Flashes
D214: 0.0118 x 0.0315 RECTANGLE -----       3 Flashes
D215: 0.0900 x 0.0550 RECTANGLE -----      72 Flashes
D216: 0.0550 x 0.0900 RECTANGLE -----       9 Flashes
D217: 0.0860 x 0.0250 OBLONG    -----      42 Flashes
D218: 0.0860 x 0.0250 RECTANGLE -----       6 Flashes
D219: 0.0250 x 0.0860 OBLONG    -----      42 Flashes
D220: 0.0250 x 0.0860 RECTANGLE -----       6 Flashes
D221: 0.0230 x 0.0610 OBLONG    -----      72 Flashes
D222: 0.0230 x 0.0610 RECTANGLE -----      18 Flashes
D223: 0.0315 x 0.0079 OBLONG    -----      72 Flashes
D224: 0.0079 x 0.0315 OBLONG    -----      69 Flashes
D225: 0.0079 x 0.0315 RECTANGLE -----       3 Flashes
D226: 0.0230 x 0.0512 OBLONG    -----      66 Flashes
D227: 0.0230 x 0.0512 RECTANGLE -----      15 Flashes
D228: 0.0787 x 0.0110 OBLONG    -----     240 Flashes
D229: 0.0787 x 0.0110 RECTANGLE -----      24 Flashes
D230: 0.0110 x 0.0787 OBLONG    -----     231 Flashes
D231: 0.0110 x 0.0787 RECTANGLE -----      33 Flashes
D232: 0.0394 x 0.0091 OBLONG    -----      27 Flashes
D233: 0.0394 x 0.0091 RECTANGLE -----       3 Flashes
D234: 0.0551 x 0.0472 RECTANGLE -----      12 Flashes
D235: 0.0472 x 0.0551 RECTANGLE -----      12 Flashes
D236: 0.0260 x 0.0866 OBLONG    -----      21 Flashes
D237: 0.0260 x 0.0866 RECTANGLE -----       3 Flashes
D238: 0.1300 ROUND  --       0 Draws,       2 Flashes
D239: 0.0905 x 0.0275 RECTANGLE -----      40 Flashes
D240: 0.0275 x 0.0905 RECTANGLE -----      16 Flashes
D241: 0.0394 x 0.0590 RECTANGLE -----      48 Flashes
D242: 0.1181 x 0.0394 RECTANGLE -----      48 Flashes
D243: 0.0394 x 0.1181 RECTANGLE -----       8 Flashes
D244: 0.0335 ROUND  --       0 Draws,      49 Flashes
D245: 0.0335 SQUARE --       0 Draws,       7 Flashes
D246: 0.0500 x 0.0400 RECTANGLE -----      63 Flashes
D247: 0.0590 x 0.0157 OBLONG    -----      56 Flashes
D248: 0.0590 x 0.0157 RECTANGLE -----       8 Flashes
D249: 0.0700 x 0.0200 OBLONG    -----      96 Flashes
D250: 0.0200 x 0.0700 OBLONG    -----      90 Flashes
D251: 0.0200 x 0.0700 RECTANGLE -----       6 Flashes
D252: 0.0236 x 0.0787 OBLONG    -----      45 Flashes
D253: 0.0236 x 0.0787 RECTANGLE -----       3 Flashes
D254: 0.0320 ROUND  --       0 Draws,      28 Flashes
D255: 0.0400 x 0.0120 RECTANGLE -----      15 Flashes
D256: 0.0551 x 0.0630 RECTANGLE -----      48 Flashes
D257: 0.0520 ROUND  --       0 Draws,       4 Flashes
D258: 0.0106 x 0.0157 RECTANGLE -----       3 Flashes
D259: 0.0157 ROUND  --       7 Draws,       0 Flashes
D260: 0.0050 ROUND  --     521 Draws,       0 Flashes
D261: 0.0020 ROUND  --     456 Draws,       0 Flashes
---------------------------------------------------------
252 D-Codes      -----  295589 Draws,   17881 Flashes


No warnings or errors.
