Fri Aug 18 16:37:29 Saved as file E:\CALYX_FEMTO_2017-06-01\FINAL\CALYX_FEMTO_2017-06-01.MAX
Fri Aug 18 16:38:26 Saved as file ~undo.max
Fri Aug 18 16:38:31 Saved as file ~undo.max
Fri Aug 18 16:38:37 Saved as file ~undo.max
Fri Aug 18 16:38:50 Saved as file ~undo.max
Fri Aug 18 16:38:51 Saved as file BACKUP1.MAX
Fri Aug 18 16:38:56 Saved as file ~undo.max
Fri Aug 18 16:45:23 Saved as file E:\CALYX_FEMTO_2017-06-01\FINAL\CALYX_FEMTO_2017-06-01.MAX
Fri Aug 18 16:45:26 Saved as file E:\CALYX_FEMTO_2017-06-01\FINAL\CALYX_FEMTO_2017-06-01.MAX
Fri Aug 18 16:45:44 Saved as file E:\CALYX_FEMTO_2017-06-01\FINAL\CALYX_FEMTO_2017-06-01.MAX
Fri Aug 18 16:45:59 Saved as file ~undo.max
Fri Aug 18 16:47:39 Saved as file E:\CALYX_FEMTO_2017-06-01\FINAL\CALYX_FEMTO_2017-06-01.MAX
Fri Aug 18 16:49:21 Saved as file BACKUP1.MAX
Fri Aug 18 16:53:37 Saved as file ~undo.max
Fri Aug 18 16:56:37 Saved as file E:\CALYX_FEMTO_2017-06-01\FINAL\CALYX_FEMTO_2017-06-01.MAX
Fri Aug 18 16:57:21 Saved as file E:\CALYX_FEMTO_2017-06-01\FINAL\CALYX_FEMTO_2017-06-01.MAX
Fri Aug 18 16:57:21 Saved as file E:\CALYX_FEMTO_2017-06-01\FINAL\CALYX_FEMTO_2017-06-01.MAX
Fri Aug 18 16:57:27 Saved as file E:\CALYX_FEMTO_2017-06-01\FINAL\CALYX_FEMTO_2017-06-01.MAX
Fri Aug 18 16:57:27 Saved as file E:\CALYX_FEMTO_2017-06-01\FINAL\CALYX_FEMTO_2017-06-01.MAX
Fri Aug 18 17:08:19 Saved as file BACKUP1.MAX
Fri Aug 18 17:18:49 Saved as file BACKUP1.MAX
Fri Aug 18 17:29:19 Saved as file BACKUP1.MAX
Fri Aug 18 17:39:49 Saved as file BACKUP1.MAX
Fri Aug 18 17:50:19 Saved as file BACKUP1.MAX
Fri Aug 18 18:00:49 Saved as file BACKUP1.MAX
Fri Aug 18 18:11:19 Saved as file BACKUP1.MAX
Fri Aug 18 18:21:49 Saved as file BACKUP1.MAX
Fri Aug 18 18:32:19 Saved as file BACKUP1.MAX
Fri Aug 18 18:42:49 Saved as file BACKUP1.MAX
Fri Aug 18 18:53:19 Saved as file BACKUP1.MAX
Fri Aug 18 19:03:49 Saved as file BACKUP1.MAX
Fri Aug 18 19:14:19 Saved as file BACKUP1.MAX
Fri Aug 18 19:24:49 Saved as file BACKUP1.MAX
Fri Aug 18 19:35:19 Saved as file BACKUP1.MAX
Fri Aug 18 19:45:49 Saved as file BACKUP1.MAX
Fri Aug 18 19:56:19 Saved as file BACKUP1.MAX
Fri Aug 18 20:06:49 Saved as file BACKUP1.MAX
Fri Aug 18 20:17:19 Saved as file BACKUP1.MAX
Fri Aug 18 20:27:49 Saved as file BACKUP1.MAX
Fri Aug 18 20:38:19 Saved as file BACKUP1.MAX
Fri Aug 18 20:48:49 Saved as file BACKUP1.MAX
Fri Aug 18 20:59:19 Saved as file BACKUP1.MAX
Sat Aug 19 10:36:58 Saved as file ~undo.max
Sat Aug 19 10:37:01 Saved as file ~undo.max
Sat Aug 19 10:37:04 Saved as file ~undo.max
Sat Aug 19 10:37:05 Saved as file ~undo.max
Sat Aug 19 10:37:06 Saved as file ~undo.max
Sat Aug 19 10:37:09 Saved as file ~undo.max
Sat Aug 19 10:37:20 Saved as file ~undo.max
Sat Aug 19 10:37:29 Saved as file ~undo.max
Sat Aug 19 10:38:25 Saved as file ~undo.max
Sat Aug 19 10:38:38 Saved as file ~undo.max
Sat Aug 19 10:38:43 Saved as file ~undo.max
Sat Aug 19 10:38:52 Saved as file ~undo.max
Sat Aug 19 10:38:58 Saved as file ~undo.max
Sat Aug 19 10:39:03 Saved as file ~undo.max
Sat Aug 19 10:39:37 Saved as file ~undo.max
Sat Aug 19 10:41:10 Saved as file E:\CALYX_FEMTO_2017-06-01\FINAL\CALYX_FEMTO_2017-06-01.MAX
Sat Aug 19 10:45:44 Saved as file E:\CALYX_FEMTO_2017-06-01\FINAL\CALYX_FEMTO_2017-06-01.MAX
Sat Aug 19 10:51:45 Saved as file BACKUP1.MAX
Sat Aug 19 11:02:14 Saved as file BACKUP1.MAX
Sat Aug 19 11:12:44 Saved as file BACKUP1.MAX
Sat Aug 19 11:23:30 Saved as file BACKUP1.MAX
Sat Aug 19 11:33:44 Saved as file BACKUP1.MAX
Sat Aug 19 11:44:14 Saved as file BACKUP1.MAX
Sat Aug 19 11:54:43 Saved as file BACKUP1.MAX
Sat Aug 19 12:02:01 Saved as file E:\CALYX_FEMTO_2017-06-01\FINAL\CALYX_FEMTO_2017-06-01.MAX
Sat Aug 19 13:47:40 Saved as file E:\CALYX_FEMTO_2017-06-01\FINAL\CALYX_FEMTO_2017-06-01.MAX
Sat Aug 19 13:47:51 Saved as file ~undo.max
Sat Aug 19 13:48:39 Saved as file E:\CALYX_FEMTO_2017-06-01\FINAL\CALYX_FEMTO_2017-06-01.MAX
Sat Aug 19 13:48:39 Saved as file E:\CALYX_FEMTO_2017-06-01\FINAL\CALYX_FEMTO_2017-06-01.MAX
Sat Aug 19 13:48:57 Saved as file E:\CALYX_FEMTO_2017-06-01\FINAL\CALYX_FEMTO_2017-06-01.MAX
Sat Aug 19 13:50:11 Loaded file C:\OrCAD\OrCAD_10.5\tools\Layout_Plus\data\template.imp
Sat Aug 19 13:50:11 Loaded file C:\OrCAD\OrCAD_10.5\tools\Layout_Plus\data\template.imp
Sat Aug 19 13:50:12 Loaded file E:\CALYX FEMTO_2017-03-03\FEMTO-2017-03-03\CALYX_FEMTO_2017-02-61.LLB
Sat Aug 19 13:50:26 Saved as file ~undo.max
Sat Aug 19 13:50:27 Loaded file C:\OrCAD\OrCAD_10.5\tools\Layout_Plus\data\template.imp
Sat Aug 19 13:50:27 Loaded file C:\OrCAD\OrCAD_10.5\tools\Layout_Plus\data\template.imp
Sat Aug 19 13:50:28 Loaded file E:\CALYX FEMTO_2017-03-03\FEMTO-2017-03-03\CALYX_FEMTO_2017-02-61.LLB
Sat Aug 19 13:50:30 Loaded file C:\OrCAD\OrCAD_10.5\tools\Layout_Plus\data\template.imp
Sat Aug 19 13:52:01 Loaded file E:\CALYX FEMTO_2017-03-03\FEMTO-2017-03-03\CALYX_FEMTO_2017-02-61.LLB
Sat Aug 19 13:52:01 Saved as file E:\CALYX FEMTO_2017-03-03\FEMTO-2017-03-03\CALYX_FEMTO_2017-02-61.LLB
Sat Aug 19 13:52:01 Loaded file E:\CALYX FEMTO_2017-03-03\FEMTO-2017-03-03\CALYX_FEMTO_2017-02-61.LLB
Sat Aug 19 13:52:01 Loaded file E:\CALYX FEMTO_2017-03-03\FEMTO-2017-03-03\CALYX_FEMTO_2017-02-61.LLB
Sat Aug 19 13:52:01 Saved as file E:\CALYX FEMTO_2017-03-03\FEMTO-2017-03-03\CALYX_FEMTO_2017-02-61.LLB
Sat Aug 19 13:52:01 Loaded file E:\CALYX FEMTO_2017-03-03\FEMTO-2017-03-03\CALYX_FEMTO_2017-02-61.LLB
Sat Aug 19 13:52:01 Loaded file E:\CALYX FEMTO_2017-03-03\FEMTO-2017-03-03\CALYX_FEMTO_2017-02-61.LLB
Sat Aug 19 13:52:01 Saved as file E:\CALYX FEMTO_2017-03-03\FEMTO-2017-03-03\CALYX_FEMTO_2017-02-61.LLB
Sat Aug 19 13:52:01 Loaded file E:\CALYX FEMTO_2017-03-03\FEMTO-2017-03-03\CALYX_FEMTO_2017-02-61.LLB
Sat Aug 19 13:52:13 Loaded file C:\OrCAD\OrCAD_10.5\tools\Layout_Plus\data\template.imp
Sat Aug 19 13:52:13 Loaded file C:\OrCAD\OrCAD_10.5\tools\Layout_Plus\data\template.imp
Sat Aug 19 13:52:13 Loaded file C:\OrCAD\OrCAD_10.5\tools\Layout_Plus\data\template.imp
Sat Aug 19 13:52:13 Loaded file C:\OrCAD\OrCAD_10.5\tools\Layout_Plus\data\template.imp
Sat Aug 19 13:52:16 Loaded file C:\OrCAD\OrCAD_10.5\tools\Layout_Plus\data\template.imp
Sat Aug 19 13:52:19 Loaded file C:\OrCAD\OrCAD_10.5\tools\Layout_Plus\data\template.imp
Sat Aug 19 13:52:19 Loaded file C:\OrCAD\OrCAD_10.5\tools\Layout_Plus\data\template.imp
Sat Aug 19 13:52:19 Loaded file C:\OrCAD\OrCAD_10.5\tools\Layout_Plus\data\template.imp
Sat Aug 19 13:52:19 Loaded file C:\OrCAD\OrCAD_10.5\tools\Layout_Plus\data\template.imp
Sat Aug 19 13:52:21 Loaded file E:\CALYX FEMTO_2017-03-03\FEMTO-2017-03-03\CALYX_FEMTO_2017-02-61.LLB
Sat Aug 19 13:52:23 Loaded file C:\OrCAD\OrCAD_10.5\tools\Layout_Plus\data\template.imp
Sat Aug 19 13:52:26 Saved as file ~undo.max
Sat Aug 19 13:54:07 Saved as file E:\CALYX_FEMTO_2017-06-01\FINAL\CALYX_FEMTO_2017-06-01.MAX
Sat Aug 19 13:55:41 Saved as file BACKUP1.MAX
Sat Aug 19 14:00:53 Saved as file ~undo.max
Sat Aug 19 14:02:51 Saved as file E:\CALYX_FEMTO_2017-06-01\FINAL\CALYX_FEMTO_2017-06-01.MAX
Sat Aug 19 14:03:10 Saved as file E:\CALYX_FEMTO_2017-06-01\FINAL\CALYX_FEMTO_2017-06-01.MAX
Sat Aug 19 14:05:56 Saved as file BACKUP1.MAX
Sat Aug 19 14:08:03 Saved as file E:\CALYX_FEMTO_2017-06-01\FINAL\CALYX_FEMTO_2017-06-01.MAX
Sat Aug 19 14:34:08 Saved as file BACKUP1.MAX
Sat Aug 19 14:44:37 Saved as file BACKUP1.MAX
Sat Aug 19 16:21:16 Saved as file E:\CALYX_FEMTO_2017-06-01\FINAL\CALYX_FEMTO_2017-06-01.MAX
Sat Aug 19 16:21:35 Saved as file E:\CALYX_FEMTO_2017-06-01\FINAL\CALYX_FEMTO_2017-06-01.MAX
Fri Aug 25 10:54:36 Saved as file ~undo.max
Fri Aug 25 10:59:53 Saved as file ~undo.max
Fri Aug 25 11:00:17 Saved as file BACKUP1.MAX
Fri Aug 25 11:02:03 Saved as file ~undo.max
Fri Aug 25 11:02:12 Saved as file ~undo.max
Fri Aug 25 11:03:15 Saved as file ~undo.max
Fri Aug 25 11:04:01 Saved as file E:\CALYX_FEMTO_2017-06-01\FINAL\CALYX_FEMTO_2017-06-01.MAX
Fri Aug 25 11:04:53 Saved as file E:\CALYX_FEMTO_2017-06-01\FINAL\CALYX_FEMTO_2017-06-01.MAX
Mon Aug 28 13:43:52 Loaded file C:\OrCAD\OrCAD_10.5\tools\Layout_Plus\data\template.imp
Mon Aug 28 13:43:52 Loaded file C:\OrCAD\OrCAD_10.5\tools\Layout_Plus\data\template.imp
Mon Aug 28 13:44:35 Saved as file E:\CALYX_FEMTO_2017-06-01\FINAL\CALYX_FEMTO_2017-06-01.MAX
Wed Aug 30 10:59:41 Saved as file BACKUP1.MAX
Wed Aug 30 11:10:11 Saved as file BACKUP1.MAX
Wed Aug 30 11:20:41 Saved as file BACKUP1.MAX
Wed Aug 30 11:31:11 Saved as file BACKUP1.MAX
Wed Aug 30 11:41:41 Saved as file BACKUP1.MAX
Wed Aug 30 11:52:11 Saved as file BACKUP1.MAX
Wed Aug 30 12:02:40 Saved as file BACKUP1.MAX
Wed Aug 30 12:13:10 Saved as file BACKUP1.MAX
Wed Aug 30 12:23:40 Saved as file BACKUP1.MAX
Wed Aug 30 12:34:10 Saved as file BACKUP1.MAX
Wed Aug 30 12:44:40 Saved as file BACKUP1.MAX
Wed Aug 30 12:55:10 Saved as file BACKUP1.MAX
Wed Aug 30 13:05:40 Saved as file BACKUP1.MAX
Wed Aug 30 13:16:10 Saved as file BACKUP1.MAX
Wed Aug 30 13:26:41 Saved as file BACKUP1.MAX
Wed Aug 30 13:37:10 Saved as file BACKUP1.MAX
Wed Aug 30 13:47:41 Saved as file BACKUP1.MAX
Wed Aug 30 13:58:10 Saved as file BACKUP1.MAX
Wed Aug 30 14:08:40 Saved as file BACKUP1.MAX
Wed Aug 30 14:19:10 Saved as file BACKUP1.MAX
Wed Aug 30 14:29:41 Saved as file BACKUP1.MAX
Wed Aug 30 14:40:10 Saved as file BACKUP1.MAX
Wed Aug 30 14:50:40 Saved as file BACKUP1.MAX
Wed Aug 30 15:01:10 Saved as file BACKUP1.MAX
Wed Aug 30 15:11:40 Saved as file BACKUP1.MAX
Wed Aug 30 15:22:11 Saved as file BACKUP1.MAX
Wed Aug 30 15:32:41 Saved as file BACKUP1.MAX
Wed Aug 30 15:43:11 Saved as file BACKUP1.MAX
Wed Aug 30 15:53:41 Saved as file BACKUP1.MAX
Wed Aug 30 16:04:11 Saved as file BACKUP1.MAX
Wed Aug 30 16:14:40 Saved as file BACKUP1.MAX
Wed Aug 30 16:25:11 Saved as file BACKUP1.MAX
Wed Aug 30 16:35:40 Saved as file BACKUP1.MAX
Wed Aug 30 16:46:10 Saved as file BACKUP1.MAX
Wed Aug 30 16:56:40 Saved as file BACKUP1.MAX
Wed Aug 30 17:07:10 Saved as file BACKUP1.MAX
Wed Aug 30 17:17:40 Saved as file BACKUP1.MAX
Wed Aug 30 17:28:10 Saved as file BACKUP1.MAX
Thu Aug 31 11:16:31 Saved as file BACKUP1.MAX
Thu Aug 31 11:27:00 Saved as file BACKUP1.MAX
Thu Aug 31 11:37:30 Saved as file BACKUP1.MAX
Thu Aug 31 11:48:00 Saved as file BACKUP1.MAX
Thu Aug 31 11:58:30 Saved as file BACKUP1.MAX
Thu Aug 31 12:09:00 Saved as file BACKUP1.MAX
Thu Aug 31 12:19:30 Saved as file BACKUP1.MAX
Thu Aug 31 12:30:00 Saved as file BACKUP1.MAX
Thu Aug 31 12:40:30 Saved as file BACKUP1.MAX
Thu Aug 31 12:51:00 Saved as file BACKUP1.MAX
Thu Aug 31 13:01:30 Saved as file BACKUP1.MAX
Thu Aug 31 13:12:00 Saved as file BACKUP1.MAX
Thu Aug 31 13:22:30 Saved as file BACKUP1.MAX
Thu Aug 31 13:33:00 Saved as file BACKUP1.MAX
Thu Aug 31 13:43:30 Saved as file BACKUP1.MAX
Thu Aug 31 13:52:08 Saved as file ~undo.max
Thu Aug 31 13:54:00 Saved as file BACKUP1.MAX
Thu Aug 31 14:04:30 Saved as file BACKUP1.MAX
Thu Aug 31 14:15:00 Saved as file BACKUP1.MAX
Thu Aug 31 14:25:30 Saved as file BACKUP1.MAX
Thu Aug 31 14:36:00 Saved as file BACKUP1.MAX
Thu Aug 31 14:46:30 Saved as file BACKUP1.MAX
Thu Aug 31 14:57:00 Saved as file BACKUP1.MAX
Thu Aug 31 15:07:30 Saved as file BACKUP1.MAX
Thu Aug 31 15:18:00 Saved as file BACKUP1.MAX
Thu Aug 31 15:28:30 Saved as file BACKUP1.MAX
Thu Aug 31 15:39:00 Saved as file BACKUP1.MAX
Thu Aug 31 15:49:30 Saved as file BACKUP1.MAX
Thu Aug 31 16:00:00 Saved as file BACKUP1.MAX
Thu Aug 31 16:10:30 Saved as file BACKUP1.MAX
Thu Aug 31 16:21:00 Saved as file BACKUP1.MAX
Thu Aug 31 16:31:30 Saved as file BACKUP1.MAX
Thu Aug 31 16:42:00 Saved as file BACKUP1.MAX
Thu Aug 31 16:52:30 Saved as file BACKUP1.MAX
Thu Aug 31 17:03:00 Saved as file BACKUP1.MAX
Thu Aug 31 17:13:30 Saved as file BACKUP1.MAX
Thu Aug 31 17:24:00 Saved as file BACKUP1.MAX
Thu Aug 31 17:34:30 Saved as file BACKUP1.MAX
Thu Aug 31 17:45:00 Saved as file BACKUP1.MAX
Fri Sep 01 13:54:11 Saved as file BACKUP1.MAX
Fri Sep 01 14:04:11 Saved as file BACKUP1.MAX
Fri Sep 01 14:14:41 Saved as file BACKUP1.MAX
Fri Sep 01 14:25:11 Saved as file BACKUP1.MAX
Fri Sep 01 14:35:41 Saved as file BACKUP1.MAX
Fri Sep 01 14:46:11 Saved as file BACKUP1.MAX
Fri Sep 01 14:56:41 Saved as file BACKUP1.MAX
Fri Sep 01 15:07:11 Saved as file BACKUP1.MAX
Fri Sep 01 15:17:41 Saved as file BACKUP1.MAX
Fri Sep 01 15:28:11 Saved as file BACKUP1.MAX
Fri Sep 01 15:38:11 Saved as file BACKUP1.MAX
Fri Sep 01 15:48:41 Saved as file BACKUP1.MAX
Fri Sep 01 15:59:11 Saved as file BACKUP1.MAX
Fri Sep 01 16:09:41 Saved as file BACKUP1.MAX
Fri Sep 01 16:20:11 Saved as file BACKUP1.MAX
Fri Sep 01 16:30:41 Saved as file BACKUP1.MAX
Fri Sep 01 16:41:11 Saved as file BACKUP1.MAX
Fri Sep 01 16:51:41 Saved as file BACKUP1.MAX
Fri Sep 01 17:02:11 Saved as file BACKUP1.MAX
Fri Sep 01 17:12:41 Saved as file BACKUP1.MAX
Fri Sep 01 17:23:11 Saved as file BACKUP1.MAX
Fri Sep 01 17:33:41 Saved as file BACKUP1.MAX
Fri Sep 01 17:44:11 Saved as file BACKUP1.MAX
Fri Sep 01 17:54:41 Saved as file BACKUP1.MAX
Fri Sep 01 18:05:11 Saved as file BACKUP1.MAX
Fri Sep 01 18:15:41 Saved as file BACKUP1.MAX
Fri Sep 01 18:26:11 Saved as file BACKUP1.MAX
Fri Sep 01 18:36:41 Saved as file BACKUP1.MAX
Fri Sep 01 18:47:11 Saved as file BACKUP1.MAX
